Arguments: 
  F:\nodejs\node.exe C:\Users\邱\AppData\Roaming\npm\node_modules\yarn\bin\yarn.js add mutliparty

PATH: 
  E:\app\qiu\product\11.2.0\dbhome_1\bin;E:\app\邱\product\11.2.0\dbhome_2\bin;E:\app\邱\product\11.2.0\dbhome_1\bin;C:\Program Files (x86)\Common Files\Oracle\Java\javapath;C:\WINDOWS\system32;C:\WINDOWS;C:\WINDOWS\System32\Wbem;C:\WINDOWS\System32\WindowsPowerShell\v1.0\;C:\WINDOWS\System32\OpenSSH\;C:\Program Files\dotnet\;F:\SQL\sql2008\共享功能目录（x86)\100\Tools\Binn\;F:\SQL;sql2008\共享功能目录\100\Tools\Binn\;F:\SQ;\sql2008\共享功能目录\100\DTS\Binn\;\sql2008\共享功能目录（x86)\100\Tools\Binn\VSShell\Common7\IDE\;sql2008\共享功能目录（x86)\100\DTS\Binn\;C:\Pro;ram Files (x86)\Microsoft Visual Studio 9.0\Common7\IDE\PrivateAssemblies\;F:\jdk1.8.0_191\bin;F:\XML\apache-tomcat-9.0.20\lib\servlet-api.jar;F:\APP\SDK\android-sdk-windows\platform-tools;F:\APP\SDK\android-sdk-windows\tools;;F:\nodejs\;D:\APP\Android\platform-tools;C:\Program Files\MySQL\MySQL Shell 8.0\bin\;C:\Users\邱\AppData\Roaming\npm;F:\Vscode\Microsoft VS Code\bin

Yarn version: 
  1.19.1

Node version: 
  10.16.3

Platform: 
  win32 x64

Trace: 
  Error: https://registry.npm.taobao.org/mutliparty: Not found
      at Request.params.callback [as _callback] (C:\Users\邱\AppData\Roaming\npm\node_modules\yarn\lib\cli.js:66926:18)
      at Request.self.callback (C:\Users\邱\AppData\Roaming\npm\node_modules\yarn\lib\cli.js:140564:22)
      at Request.emit (events.js:198:13)
      at Request.<anonymous> (C:\Users\邱\AppData\Roaming\npm\node_modules\yarn\lib\cli.js:141536:10)
      at Request.emit (events.js:198:13)
      at IncomingMessage.<anonymous> (C:\Users\邱\AppData\Roaming\npm\node_modules\yarn\lib\cli.js:141458:12)
      at Object.onceWrapper (events.js:286:20)
      at IncomingMessage.emit (events.js:203:15)
      at endReadableNT (_stream_readable.js:1145:12)
      at process._tickCallback (internal/process/next_tick.js:63:19)

npm manifest: 
  {
    "name": "vue-backend",
    "version": "1.0.0",
    "description": "",
    "main": "index.js",
    "dependencies": {
      "fs-extra": "^8.1.0"
    },
    "devDependencies": {},
    "scripts": {
      "test": "echo \"Error: no test specified\" && exit 1"
    },
    "keywords": [],
    "author": "",
    "license": "ISC"
  }

yarn manifest: 
  No manifest

Lockfile: 
  # THIS IS AN AUTOGENERATED FILE. DO NOT EDIT THIS FILE DIRECTLY.
  # yarn lockfile v1
  
  
  fs-extra@^8.1.0:
    version "8.1.0"
    resolved "https://registry.npm.taobao.org/fs-extra/download/fs-extra-8.1.0.tgz#49d43c45a88cd9677668cb7be1b46efdb8d2e1c0"
    integrity sha1-SdQ8RaiM2Wd2aMt74bRu/bjS4cA=
    dependencies:
      graceful-fs "^4.2.0"
      jsonfile "^4.0.0"
      universalify "^0.1.0"
  
  graceful-fs@^4.1.6, graceful-fs@^4.2.0:
    version "4.2.3"
    resolved "https://registry.npm.taobao.org/graceful-fs/download/graceful-fs-4.2.3.tgz#4a12ff1b60376ef09862c2093edd908328be8423"
    integrity sha1-ShL/G2A3bvCYYsIJPt2Qgyi+hCM=
  
  jsonfile@^4.0.0:
    version "4.0.0"
    resolved "https://registry.npm.taobao.org/jsonfile/download/jsonfile-4.0.0.tgz#8771aae0799b64076b76640fca058f9c10e33ecb"
    integrity sha1-h3Gq4HmbZAdrdmQPygWPnBDjPss=
    optionalDependencies:
      graceful-fs "^4.1.6"
  
  universalify@^0.1.0:
    version "0.1.2"
    resolved "https://registry.npm.taobao.org/universalify/download/universalify-0.1.2.tgz?cache=0&sync_timestamp=1582129547299&other_urls=https%3A%2F%2Fregistry.npm.taobao.org%2Funiversalify%2Fdownload%2Funiversalify-0.1.2.tgz#b646f69be3942dabcecc9d6639c80dc105efaa66"
    integrity sha1-tkb2m+OULavOzJ1mOcgNwQXvqmY=
